12:10:35:530 [main] INFO  testCases.TC003_LoginDDT - Starting_TC_003_LoginDDT
12:11:08:008 [main] INFO  testCases.TC003_LoginDDT - Finished_TC_003_LoginDDT
15:50:32:598 [main] INFO  org.testng.internal.Utils - [Utils] MethodGroupsHelper.collectMethodsByGroup() took 1 ms.
15:50:32:605 [main] INFO  org.testng.internal.Utils - [Utils] MethodGroupsHelper.sortMethods() took 2 ms.
15:50:32:609 [main] INFO  org.testng.internal.Utils - [Utils] MethodGroupsHelper.collectMethodsByGroup() took 0 ms.
15:50:32:609 [main] INFO  org.testng.internal.Utils - [Utils] MethodGroupsHelper.sortMethods() took 0 ms.
15:50:32:610 [main] INFO  org.testng.internal.Utils - [Utils] MethodGroupsHelper.collectMethodsByGroup() took 0 ms.
15:50:32:611 [main] INFO  org.testng.internal.Utils - [Utils] MethodGroupsHelper.sortMethods() took 0 ms.
15:50:32:613 [main] INFO  org.testng.internal.Utils - [Utils] MethodGroupsHelper.collectMethodsByGroup() took 0 ms.
15:50:32:613 [main] INFO  org.testng.internal.Utils - [Utils] MethodGroupsHelper.sortMethods() took 0 ms.
15:50:32:624 [main] INFO  org.testng.internal.Utils - [Utils] MethodGroupsHelper.collectMethodsByGroup() took 8 ms.
15:50:32:638 [main] INFO  org.testng.internal.Utils - [Utils] MethodGroupsHelper.sortMethods() took 12 ms.
15:50:32:641 [main] INFO  org.testng.internal.Utils - [Utils] MethodGroupsHelper.collectMethodsByGroup() took 0 ms.
15:50:32:641 [main] INFO  org.testng.internal.Utils - [Utils] MethodGroupsHelper.sortMethods() took 0 ms.
15:50:32:643 [main] INFO  org.testng.internal.Utils - [Utils] MethodGroupsHelper.collectMethodsByGroup() took 0 ms.
15:50:32:643 [main] INFO  org.testng.internal.Utils - [Utils] MethodGroupsHelper.sortMethods() took 0 ms.
15:50:32:644 [main] INFO  org.testng.internal.Utils - [Utils] MethodGroupsHelper.collectMethodsByGroup() took 0 ms.
15:50:32:644 [main] INFO  org.testng.internal.Utils - [Utils] MethodGroupsHelper.sortMethods() took 0 ms.
15:50:32:647 [main] INFO  org.testng.internal.Utils - [Utils] MethodGroupsHelper.collectMethodsByGroup() took 0 ms.
15:50:32:647 [main] INFO  org.testng.internal.Utils - [Utils] MethodGroupsHelper.sortMethods() took 0 ms.
15:50:32:648 [main] INFO  org.testng.internal.Utils - [Utils] MethodGroupsHelper.collectMethodsByGroup() took 0 ms.
15:50:32:648 [main] INFO  org.testng.internal.Utils - [Utils] MethodGroupsHelper.sortMethods() took 0 ms.
15:50:32:651 [main] INFO  org.testng.internal.Utils - [Utils] MethodGroupsHelper.collectMethodsByGroup() took 0 ms.
15:50:32:652 [main] INFO  org.testng.internal.Utils - [Utils] MethodGroupsHelper.sortMethods() took 0 ms.
15:50:32:652 [main] INFO  org.testng.internal.Utils - [Utils] MethodGroupsHelper.collectMethodsByGroup() took 0 ms.
15:50:32:652 [main] INFO  org.testng.internal.Utils - [Utils] MethodGroupsHelper.sortMethods() took 0 ms.
15:50:32:653 [main] INFO  org.testng.internal.Utils - [Utils] MethodGroupsHelper.collectMethodsByGroup() took 0 ms.
15:50:32:654 [main] INFO  org.testng.internal.Utils - [Utils] MethodGroupsHelper.sortMethods() took 1 ms.
15:50:32:656 [main] INFO  org.testng.internal.Utils - [Utils] MethodGroupsHelper.collectMethodsByGroup() took 0 ms.
15:50:32:656 [main] INFO  org.testng.internal.Utils - [Utils] MethodGroupsHelper.sortMethods() took 0 ms.
15:50:32:656 [main] INFO  org.testng.internal.Utils - [Utils] MethodGroupsHelper.collectMethodsByGroup() took 0 ms.
15:50:32:656 [main] INFO  org.testng.internal.Utils - [Utils] MethodGroupsHelper.sortMethods() took 0 ms.
15:50:32:667 [main] INFO  org.testng.internal.Utils - [TestNG] Running:
  C:\Users\HP\AppData\Local\Temp\testng-eclipse--1614199799\testng-customsuite.xml

15:50:32:694 [main] INFO  org.testng.internal.Utils - [Utils] DynamicGraphHelper.createDynamicGraph() took 6 ms.
15:50:35:419 [main] INFO  io.github.bonigarcia.wdm.WebDriverManager - Using chromedriver 131.0.6778.264 (resolved driver for Chrome 131)
15:50:35:471 [main] INFO  io.github.bonigarcia.wdm.WebDriverManager - Exporting webdriver.chrome.driver as C:\Users\HP\.cache\selenium\chromedriver\win64\131.0.6778.264\chromedriver.exe
15:50:42:509 [main] INFO  testCases.TC003_LoginDDT - Starting_TC_003_LoginDDT
15:50:50:872 [main] INFO  testCases.TC003_LoginDDT - Finished_TC_003_LoginDDT
15:50:50:887 [main] INFO  testCases.TC003_LoginDDT - Starting_TC_003_LoginDDT
15:51:24:002 [main] INFO  testCases.TC003_LoginDDT - Finished_TC_003_LoginDDT
15:51:24:017 [main] INFO  testCases.TC003_LoginDDT - Starting_TC_003_LoginDDT
15:51:57:724 [main] INFO  testCases.TC003_LoginDDT - Finished_TC_003_LoginDDT
15:51:57:732 [main] INFO  testCases.TC003_LoginDDT - Starting_TC_003_LoginDDT
15:52:02:802 [main] INFO  testCases.TC003_LoginDDT - Finished_TC_003_LoginDDT
15:52:02:806 [main] INFO  testCases.TC003_LoginDDT - Starting_TC_003_LoginDDT
15:52:36:342 [main] INFO  testCases.TC003_LoginDDT - Finished_TC_003_LoginDDT
15:52:37:253 [main] INFO  org.testng.internal.Utils - [TestNG] Time taken by org.testng.reporters.jq.Main@4d0cc83e: 168 ms
