11:40:16:734 [main] INFO  testCases.TC001_AccountRegistrationTest - Started TC001_AccountRegistration_Test
11:40:21:416 [main] INFO  testCases.TC001_AccountRegistrationTest - Clicked on MyAccount link
11:40:23:535 [main] INFO  testCases.TC001_AccountRegistrationTest - Clicked on Register link
11:40:23:642 [main] INFO  testCases.TC001_AccountRegistrationTest - Providing customer details..
11:40:27:060 [main] INFO  testCases.TC001_AccountRegistrationTest - Validating expected msg..
11:40:27:101 [main] INFO  testCases.TC001_AccountRegistrationTest - Finished TC001_AccountRegistration_Test
11:40:27:360 [main] INFO  io.github.bonigarcia.wdm.WebDriverManager - Using chromedriver 131.0.6778.204 (resolved driver for Chrome 131)
11:40:27:383 [main] INFO  io.github.bonigarcia.wdm.WebDriverManager - Exporting webdriver.chrome.driver as C:\Users\HP\.cache\selenium\chromedriver\win64\131.0.6778.204\chromedriver.exe
11:40:34:167 [main] INFO  testCases.TC002_LoginTest - Started TC002_Login_Test
11:40:36:855 [main] INFO  testCases.TC002_LoginTest - Clicked on MyAccount link
11:40:37:493 [main] INFO  testCases.TC002_LoginTest - Clicked on Login link
11:40:39:978 [main] INFO  testCases.TC002_LoginTest - Finished TC002_Login_Test
11:40:40:227 [main] INFO  io.github.bonigarcia.wdm.WebDriverManager - Using chromedriver 131.0.6778.204 (resolved driver for Chrome 131)
11:40:40:252 [main] INFO  io.github.bonigarcia.wdm.WebDriverManager - Exporting webdriver.chrome.driver as C:\Users\HP\.cache\selenium\chromedriver\win64\131.0.6778.204\chromedriver.exe
11:40:48:216 [main] INFO  testCases.TC003_LoginDDT - Starting_TC_003_LoginDDT
11:40:54:332 [main] INFO  testCases.TC003_LoginDDT - Finished_TC_003_LoginDDT
11:40:54:342 [main] INFO  testCases.TC003_LoginDDT - Starting_TC_003_LoginDDT
11:41:27:438 [main] INFO  testCases.TC003_LoginDDT - Finished_TC_003_LoginDDT
11:41:27:463 [main] INFO  testCases.TC003_LoginDDT - Starting_TC_003_LoginDDT
11:42:00:692 [main] INFO  testCases.TC003_LoginDDT - Finished_TC_003_LoginDDT
11:42:00:698 [main] INFO  testCases.TC003_LoginDDT - Starting_TC_003_LoginDDT
11:42:10:550 [main] INFO  testCases.TC003_LoginDDT - Finished_TC_003_LoginDDT
11:42:10:565 [main] INFO  testCases.TC003_LoginDDT - Starting_TC_003_LoginDDT
11:42:44:535 [main] INFO  testCases.TC003_LoginDDT - Finished_TC_003_LoginDDT
